<?xml version="1.0" encoding="UTF-8"?>
<!-- Generated by org.testng.reporters.JUnitXMLReporter -->
<testsuite ignored="0" hostname="shivajighuge" failures="0" tests="3" name="Test" time="54.317" errors="0" timestamp="2023-03-06T11:43:59 IST">
  <testcase classname="com.saucedemo.TESTpack.TC01_VerifyLoginActivity" name="verifylogin" time="1.36"/>
  <testcase classname="com.saucedemo.TESTpack.TC2_VerifyLoginOutFunctionality" name="VerifyLoginOutFunctionality" time="4.86"/>
  <testcase classname="com.saucedemo.TESTpack.verifyAllProductProductAddToCartFunctionality" name="verifyallproduct" time="5.664"/>
</testsuite> <!-- Test -->
