<?xml version="1.0" encoding="UTF-8"?>
<!-- Generated by org.testng.reporters.JUnitXMLReporter -->
<testsuite ignored="0" hostname="shivajighuge" failures="0" tests="3" name="Test" time="49.516" errors="0" timestamp="2023-03-06T11:36:22 IST">
  <testcase classname="com.saucedemo.TESTpack.TC01_VerifyLoginActivity" name="verifylogin" time="0.185"/>
  <testcase classname="com.saucedemo.TESTpack.verifyAllProductProductAddToCartFunctionality" name="verifyallproduct" time="1.372"/>
  <testcase classname="com.saucedemo.TESTpack.TC2_VerifyLoginOutFunctionality" name="VerifyLoginOutFunctionality" time="1.619"/>
</testsuite> <!-- Test -->
